<?xml version="1.0" encoding="UTF-8"?>
<testng-results ignored="0" total="1" passed="1" failed="0" skipped="0">
  <reporter-output>
  </reporter-output>
  <suite started-at="2021-01-21T23:53:38Z" name="Default suite" finished-at="2021-01-21T23:53:48Z" duration-ms="10410">
    <groups>
    </groups>
    <test started-at="2021-01-21T23:53:38Z" name="Default test" finished-at="2021-01-21T23:53:48Z" duration-ms="10410">
      <class name="actionsClass.KeyBoardOperations">
        <test-method is-config="true" signature="setUp()[pri:0, instance:actionsClass.KeyBoardOperations@6a57ae10]" started-at="2021-01-21T15:53:38Z" name="setUp" finished-at="2021-01-21T15:53:47Z" duration-ms="9478" status="PASS">
          <reporter-output>
          </reporter-output>
        </test-method> <!-- setUp -->
        <test-method signature="KeyBoardOperations()[pri:0, instance:actionsClass.KeyBoardOperations@6a57ae10]" started-at="2021-01-21T15:53:47Z" name="KeyBoardOperations" finished-at="2021-01-21T15:53:48Z" duration-ms="900" status="PASS">
          <reporter-output>
          </reporter-output>
        </test-method> <!-- KeyBoardOperations -->
      </class> <!-- actionsClass.KeyBoardOperations -->
    </test> <!-- Default test -->
  </suite> <!-- Default suite -->
</testng-results>
